{"ip":"::1","level":"info","message":"Inloggningsförsök","success":true,"timestamp":"2024-11-11 10:59:39","userAgent":"Mozilla/5.0 (Macintosh; Intel Mac OS X 10_15_7) AppleWebKit/605.1.15 (KHTML, like Gecko) Version/17.5 Safari/605.1.15","username":"user"}
{"ip":"::1","level":"info","message":"Inloggningsförsök","success":false,"timestamp":"2024-11-11 11:04:30","userAgent":"Mozilla/5.0 (Macintosh; Intel Mac OS X 10_15_7) AppleWebKit/605.1.15 (KHTML, like Gecko) Version/17.5 Safari/605.1.15","username":"admin"}
{"ip":"::1","level":"info","message":"Inloggningsförsök","success":true,"timestamp":"2024-11-11 11:05:07","userAgent":"Mozilla/5.0 (Macintosh; Intel Mac OS X 10_15_7) AppleWebKit/605.1.15 (KHTML, like Gecko) Version/17.5 Safari/605.1.15","username":"user"}
{"ip":"::1","level":"info","message":"Inloggningsförsök","success":true,"timestamp":"2024-11-11 11:06:59","userAgent":"Mozilla/5.0 (Macintosh; Intel Mac OS X 10_15_7) AppleWebKit/605.1.15 (KHTML, like Gecko) Version/17.5 Safari/605.1.15","username":"user"}
{"ip":"::1","level":"info","message":"Inloggningsförsök","reason":"","success":true,"timestamp":"2024-11-11 11:12:10","userAgent":"Mozilla/5.0 (Macintosh; Intel Mac OS X 10_15_7) AppleWebKit/605.1.15 (KHTML, like Gecko) Version/17.5 Safari/605.1.15","username":"user"}
{"ip":"::1","level":"info","message":"Inloggningsförsök","reason":"","success":true,"timestamp":"2024-11-11 11:13:53","userAgent":"Mozilla/5.0 (Macintosh; Intel Mac OS X 10_15_7) AppleWebKit/605.1.15 (KHTML, like Gecko) Version/17.5 Safari/605.1.15","username":"user"}
2024-11-11 11:17:29 | user | Lyckades | IP: ::1 | User-Agent: Mozilla/5.0 (Macintosh; Intel Mac OS X 10_15_7) AppleWebKit/605.1.15 (KHTML, like Gecko) Version/17.5 Safari/605.1.15 | Orsak: 
2024-11-11 11:21:11 | user | Lyckades | IP: ::1 | User-Agent: Mozilla/5.0 (Macintosh; Intel Mac OS X 10_15_7) AppleWebKit/605.1.15 (KHTML, like Gecko) Version/17.5 Safari/605.1.15 | Orsak: 
2024-11-11 11:36:58 | user | Success | IP: ::1 | User-Agent: Mozilla/5.0 (Macintosh; Intel Mac OS X 10_15_7) AppleWebKit/605.1.15 (KHTML, like Gecko) Version/17.5 Safari/605.1.15 | Reason: 
    2024-11-11 11:42:06 | test123 | Success | IP: ::1 | User-Agent: Mozilla/5.0 (Macintosh; Intel Mac OS X 10_15_7) AppleWebKit/605.1.15 (KHTML, like Gecko) Version/17.5 Safari/605.1.15 | Reason: 
2024-11-11 11:42:10 | test123 | Success | IP: ::1 | User-Agent: Mozilla/5.0 (Macintosh; Intel Mac OS X 10_15_7) AppleWebKit/605.1.15 (KHTML, like Gecko) Version/17.5 Safari/605.1.15 | Reason: 
2024-11-11 11:42:11 | test123 | Success | IP: ::1 | User-Agent: Mozilla/5.0 (Macintosh; Intel Mac OS X 10_15_7) AppleWebKit/605.1.15 (KHTML, like Gecko) Version/17.5 Safari/605.1.15 | Reason: 
2024-11-11 11:42:11 | test123 | Success | IP: ::1 | User-Agent: Mozilla/5.0 (Macintosh; Intel Mac OS X 10_15_7) AppleWebKit/605.1.15 (KHTML, like Gecko) Version/17.5 Safari/605.1.15 | Reason: 
2024-11-11 11:42:11 | test123 | Success | IP: ::1 | User-Agent: Mozilla/5.0 (Macintosh; Intel Mac OS X 10_15_7) AppleWebKit/605.1.15 (KHTML, like Gecko) Version/17.5 Safari/605.1.15 | Reason: 
2024-11-11 11:44:18 | test1 | Success | IP: ::1 | User-Agent: Mozilla/5.0 (Macintosh; Intel Mac OS X 10_15_7) AppleWebKit/605.1.15 (KHTML, like Gecko) Version/17.5 Safari/605.1.15 | Reason: 
2024-11-11 11:45:15 | user | Misslyckades | IP: ::1 | User-Agent: Mozilla/5.0 (Macintosh; Intel Mac OS X 10_15_7) AppleWebKit/605.1.15 (KHTML, like Gecko) Version/17.5 Safari/605.1.15 | Orsak: Fel lösenord
2024-11-11 11:45:27 | user | Lyckades | IP: ::1 | User-Agent: Mozilla/5.0 (Macintosh; Intel Mac OS X 10_15_7) AppleWebKit/605.1.15 (KHTML, like Gecko) Version/17.5 Safari/605.1.15 | Orsak: 
2024-11-11 11:45:48 | adam | Lyckades | IP: ::1 | User-Agent: Mozilla/5.0 (Macintosh; Intel Mac OS X 10_15_7) AppleWebKit/605.1.15 (KHTML, like Gecko) Version/17.5 Safari/605.1.15 | Orsak: 
2024-11-11 11:48:25 | user | Lyckades | IP: ::1 | User-Agent: Mozilla/5.0 (Macintosh; Intel Mac OS X 10_15_7) AppleWebKit/605.1.15 (KHTML, like Gecko) Version/17.5 Safari/605.1.15 | Orsak: 
2024-11-11 11:48:52 | lol | Misslyckades | IP: ::1 | User-Agent: Mozilla/5.0 (Macintosh; Intel Mac OS X 10_15_7) AppleWebKit/605.1.15 (KHTML, like Gecko) Version/17.5 Safari/605.1.15 | Orsak: Fel lösenord
2024-11-11 11:48:54 | lol | Lyckades | IP: ::1 | User-Agent: Mozilla/5.0 (Macintosh; Intel Mac OS X 10_15_7) AppleWebKit/605.1.15 (KHTML, like Gecko) Version/17.5 Safari/605.1.15 | Orsak: 
2024-11-11 11:51:58 | user | Lyckades | IP: ::1 | User-Agent: Mozilla/5.0 (Macintosh; Intel Mac OS X 10_15_7) AppleWebKit/605.1.15 (KHTML, like Gecko) Version/17.5 Safari/605.1.15 | Orsak: 
2024-11-11 11:52:55 | Adam | Lyckades | IP: ::1 | User-Agent: Mozilla/5.0 (Macintosh; Intel Mac OS X 10_15_7) AppleWebKit/605.1.15 (KHTML, like Gecko) Version/17.5 Safari/605.1.15 | Orsak: 
2024-11-11 11:54:28 | admin | Misslyckades | IP: ::1 | User-Agent: Mozilla/5.0 (Macintosh; Intel Mac OS X 10_15_7) AppleWebKit/605.1.15 (KHTML, like Gecko) Version/17.5 Safari/605.1.15 | Orsak: Fel lösenord
2024-11-11 11:54:36 | admin | Lyckades | IP: ::1 | User-Agent: Mozilla/5.0 (Macintosh; Intel Mac OS X 10_15_7) AppleWebKit/605.1.15 (KHTML, like Gecko) Version/17.5 Safari/605.1.15 | Orsak: 
2024-11-11 12:01:17 | user | Lyckades | IP: ::1 | User-Agent: Mozilla/5.0 (Macintosh; Intel Mac OS X 10_15_7) AppleWebKit/605.1.15 (KHTML, like Gecko) Version/17.5 Safari/605.1.15 | Orsak: 
2024-11-11 12:01:52 | Damp | Lyckades | IP: ::1 | User-Agent: Mozilla/5.0 (Macintosh; Intel Mac OS X 10_15_7) AppleWebKit/605.1.15 (KHTML, like Gecko) Version/17.5 Safari/605.1.15 | Orsak: 
2024-11-11 12:06:53 | Mada | Lyckades | IP: ::1 | User-Agent: Mozilla/5.0 (Macintosh; Intel Mac OS X 10_15_7) AppleWebKit/605.1.15 (KHTML, like Gecko) Version/17.5 Safari/605.1.15 | Orsak: 
